[debug] [2023-06-06T00:28:32.761Z] ----------------------------------------------------------------------
[debug] [2023-06-06T00:28:32.763Z] Command:       C:\Program Files\nodejs\node.exe C:\Users\marcu\AppData\Roaming\npm\node_modules\firebase-tools\lib\bin\firebase.js deploy --debug
[debug] [2023-06-06T00:28:32.763Z] CLI Version:   12.3.0
[debug] [2023-06-06T00:28:32.763Z] Platform:      win32
[debug] [2023-06-06T00:28:32.764Z] Node Version:  v18.16.0
[debug] [2023-06-06T00:28:32.764Z] Time:          Mon Jun 05 2023 17:28:32 GMT-0700 (Pacific Daylight Time)
[debug] [2023-06-06T00:28:32.765Z] ----------------------------------------------------------------------
[debug] 
[debug] [2023-06-06T00:28:32.836Z] > command requires scopes: ["email","openid","https://www.googleapis.com/auth/cloudplatformprojects.readonly","https://www.googleapis.com/auth/firebase","https://www.googleapis.com/auth/cloud-platform"]
[debug] [2023-06-06T00:28:32.838Z] > authorizing via signed-in user (marcusmcb@gmail.com)
[debug] [2023-06-06T00:28:32.839Z] [iam] checking project mcb-portfolio-ts-8df64 for permissions ["firebase.projects.get","firebasehosting.sites.update"]
[debug] [2023-06-06T00:28:32.842Z] >>> [apiv2][query] POST https://cloudresourcemanager.googleapis.com/v1/projects/mcb-portfolio-ts-8df64:testIamPermissions [none]
[debug] [2023-06-06T00:28:32.842Z] >>> [apiv2][(partial)header] POST https://cloudresourcemanager.googleapis.com/v1/projects/mcb-portfolio-ts-8df64:testIamPermissions x-goog-quota-user=projects/mcb-portfolio-ts-8df64
[debug] [2023-06-06T00:28:32.843Z] >>> [apiv2][body] POST https://cloudresourcemanager.googleapis.com/v1/projects/mcb-portfolio-ts-8df64:testIamPermissions {"permissions":["firebase.projects.get","firebasehosting.sites.update"]}
[debug] [2023-06-06T00:28:33.163Z] <<< [apiv2][status] POST https://cloudresourcemanager.googleapis.com/v1/projects/mcb-portfolio-ts-8df64:testIamPermissions 200
[debug] [2023-06-06T00:28:33.164Z] <<< [apiv2][body] POST https://cloudresourcemanager.googleapis.com/v1/projects/mcb-portfolio-ts-8df64:testIamPermissions {"permissions":["firebase.projects.get","firebasehosting.sites.update"]}
[debug] [2023-06-06T00:28:33.167Z] >>> [apiv2][query] GET https://firebase.googleapis.com/v1beta1/projects/mcb-portfolio-ts-8df64 [none]
[debug] [2023-06-06T00:28:33.528Z] <<< [apiv2][status] GET https://firebase.googleapis.com/v1beta1/projects/mcb-portfolio-ts-8df64 200
[debug] [2023-06-06T00:28:33.529Z] <<< [apiv2][body] GET https://firebase.googleapis.com/v1beta1/projects/mcb-portfolio-ts-8df64 {"projectId":"mcb-portfolio-ts-8df64","projectNumber":"254997542932","displayName":"mcb-portfolio-TS","name":"projects/mcb-portfolio-ts-8df64","resources":{"hostingSite":"mcb-portfolio-ts-8df64"},"state":"ACTIVE","etag":"1_02ef375f-5654-41bc-a36c-625e84bd604a"}
[info] 
[info] === Deploying to 'mcb-portfolio-ts-8df64'...
[info] 
[info] i  deploying hosting 
[debug] [2023-06-06T00:28:33.538Z] >>> [apiv2][query] POST https://firebasehosting.googleapis.com/v1beta1/projects/-/sites/mcb-portfolio-ts-8df64/versions [none]
[debug] [2023-06-06T00:28:33.539Z] >>> [apiv2][body] POST https://firebasehosting.googleapis.com/v1beta1/projects/-/sites/mcb-portfolio-ts-8df64/versions {"status":"CREATED","labels":{"deployment-tool":"cli-firebase"}}
[debug] [2023-06-06T00:28:34.127Z] <<< [apiv2][status] POST https://firebasehosting.googleapis.com/v1beta1/projects/-/sites/mcb-portfolio-ts-8df64/versions 200
[debug] [2023-06-06T00:28:34.127Z] <<< [apiv2][body] POST https://firebasehosting.googleapis.com/v1beta1/projects/-/sites/mcb-portfolio-ts-8df64/versions {"name":"projects/254997542932/sites/mcb-portfolio-ts-8df64/versions/7e9092c50711fb81","status":"CREATED","config":{},"labels":{"deployment-tool":"cli-firebase"}}
[info] i  hosting[mcb-portfolio-ts-8df64]: beginning deploy... 
[info] i  hosting[mcb-portfolio-ts-8df64]: found 44 files in build 
[debug] [2023-06-06T00:28:34.149Z] [hosting] uploading with 200 concurrency
[debug] [2023-06-06T00:28:34.158Z] [hosting] hash cache [YnVpbGQ] stored for 44 files
[debug] [2023-06-06T00:28:34.158Z] [hosting][hash queue][FINAL] {"max":5,"min":0,"avg":0,"active":0,"complete":44,"success":44,"errored":0,"retried":0,"total":44,"elapsed":7}
[debug] [2023-06-06T00:28:34.159Z] >>> [apiv2][query] POST https://firebasehosting.googleapis.com/v1beta1/projects/254997542932/sites/mcb-portfolio-ts-8df64/versions/7e9092c50711fb81:populateFiles [none]
[debug] [2023-06-06T00:28:34.160Z] >>> [apiv2][body] POST https://firebasehosting.googleapis.com/v1beta1/projects/254997542932/sites/mcb-portfolio-ts-8df64/versions/7e9092c50711fb81:populateFiles {"files":{"/asset-manifest.json":"130f63ef8e51aa04b19609c0318ff3bd30ecc52c3cd911ddeaab2862adb76b33","/favicon-32x32.png":"0c005c51535bb7581d96b9801e1ca5f82dab616839420b6aa52260e5c4877fea","/index.html":"7b7e5ad1915862a6975ca5e342c0ab31cdeabf84eb6a13265dd79bb3170930c9","/manifest.json":"0cda78b985492253faadc8f5b011c0d010f863f5fbbdbde9873c2d11d28cabd9","/robots.txt":"bfe106a3fb878dc83461c86818bf74fc1bdc7f28538ba613cd3e775516ce8b49","/static/css/main.4f9e13da.css":"07da59455126ac45c0e35b09934913f5b2843fde88ccb15b9c75084f1ff75d64","/static/css/main.4f9e13da.css.map":"75ac108112c5d943d3ecf0ccf0ed7d53e799d2fec9042a4b1e74dc44830a10ee","/static/js/787.cf9874c5.chunk.js":"18c26f3b1fa9141efa868f709e9e7bc269ea161bfdbad5e1b9088aa8d2bc2adb","/static/js/787.cf9874c5.chunk.js.map":"8d1d8a88b99aca0e986c42efe5b0a80f4ffde6fc6887679e24425173906c4731","/static/js/main.20d1c794.js":"87913157f90b62ad26325eef3412b118b626e52ac478a8cb216c27669a5cc840","/static/js/main.20d1c794.js.LICENSE.txt":"7c746d80ea60c210d9f302281d9bbc63bcc99527539093fb5a1c369a30883e6f","/static/js/main.20d1c794.js.map":"c6f674fb8f3c8f10ddca000277da38890ce8d9f7fc8056388bd9ae44f141e391","/static/media/arrow-left.a89e4de1cc043b26dac31bbd843bb626.svg":"27cfb4c070b9990b75784625e3ba07d7785879a622aaedfd24ddb79385c47455","/static/media/arrow-right.aec1b6f966bfbb1a22ccd01ed94a4c4c.svg":"f99a81dfd31a4d6381b4928b23fb4619c561ca4f2e02f55e701e68a8e42fec13","/static/media/code-image.c188c4d163b81ee187ad.jpg":"39f784ef72aa91c1c07ea6f9e65792df79977ab1390f95eed8b3037084bf0441","/static/media/cratestats_preview.cb1e8c24c638095b6f95.png":"8770dd3dfd1f351d86319d28f107d8a98f15b5c797e794f0da7a45108dc3f2a2","/static/media/cratestats_preview_wide.419cfd6aa456c4785251.png":"66fd5fe22f21f3c83b0c0b87a8d53ce7b7411f16ca124de1091aa473182fdfea","/static/media/crate_stats_540.5ded04c13b88fbd7627a.png":"9210f7cb66772ee2419e5e2963c24d371becc365c2917abbf97affa32eb7d50a","/static/media/crate_stats_horiz.66a8aa436057c29f0278.png":"4f9f708de5e5c483ac08fb5ace07804b6123f9fba9f846c65c19b06bd3991cdf","/static/media/down-arrows.2bd23bfb7742408a56d78e5cd37f9f3b.svg":"b37edd772e1835e998c0730d5d142c802501f2b9f7a7acd50c03989c01060624","/static/media/github.3880ceac2a12439cf8b79a89aeeed480.svg":"0bb43f38e07f726b70be6e9f8011ae5d12104415dc69212f565d013c85f518e1","/static/media/hue_banner_wide.6c8380c50c231cf0ed2c.png":"89c51fcf7b1f8b4dc765308eed557e167336eb224c4cc8361b724f169ac1cec4","/static/media/hue_preview.97c2bfedf75980211498.png":"59be764da69adf84cd13abb26c54dea49bd1f7841f585e9895202f7cdfc7f3f1","/static/media/jsp1_preview.f9f26b67879474661597.png":"7162bb7ec2c2f021a7a5f875373b43e14875348a33d724ff2bd7d8934e18d036","/static/media/jsp1_preview_wide_01.b79f0d85e8a05ce4b39f.png":"a0de1eacb0a64003482c6a574b10f935ac21dab65c84b7b1dcd45dbe948a7e6c","/static/media/linkedin.74f016513d1804e5edc75b0be0c71bfd.svg":"d2651fe6aecb44f4990462511a646e466d22dfccb4afbf6c204cc91b71400a57","/static/media/marcus.8fd2c75a1d9641e6c691.jpg":"064bf996aa58dc7361e9c2460337a2e6a105a8ef59c39b98ec8c1182a80f9445","/static/media/mcb-logo.55a0ea2bde12bd7d1e30.jpg":"d229906182c4362aecec91a7b82450ecb65e523ce670a3b65657ffc8e53f74f9","/static/media/npchatbot_preview.61c6eba6e7076d957832.png":"88314b4218b728a0f1bf37cea3258f01bf4d1cce76b84ed4f95c992e1488220c","/static/media/npchatbot_preview_wide.9759767e10f27ce745f9.png":"c37b7d1ed313ca634e816f872a6e3d8b821b4e8a36800e3efaeb6f1ba0d27b2e","/static/media/remixarkive_header.e649a357edca852fac8f.png":"68ab44d10db8236729d276f3bc76028c8360208963ec61d5d7adbfed95741451","/static/media/remixarkive_preview.cf18e81e53498e4c801f.png":"b238c1e79a458958ab1990e32251e14f79d8d44a3e8fa898951e13b59052d896","/static/media/remixarkive_preview_wide_01.3d40d991c5b2852527c1.png":"9577ca90ef9e032ad5fb16c03c2d89f82622ce3db55d0a487cfb276b050e13af","/static/media/rentstudy_header.750da3a3352540dc0408.png":"c3b061380c4e01e92e107a1019520937c9c3580e5c5a95bf4384d619c498d45e","/static/media/rentstudy_header_wide.a0352a16e65462ea63c6.png":"986fee027c7bb5a335a3d6f8b197e5b4584db2713ce136064885f7537af711bd","/static/media/rentstudy_preview.c02cb1f5318de0059625.png":"a44e7615ef8e07def130cdd3c7aed9a70568aaef140a7f0f15a14f6e4107b97d","/static/media/responsive_header.c0d28feb9d354f0533b0.png":"6d252172e600bafea25f1f31b57a82ea3165cd7b053e8e32dd82fc7c5fa6f1ba","/static/media/responsive_header_wide.90f38da69f9cf075034f.png":"d1c0d115165e1295062fb705d8b9384f3723e6fb94c5b3d3c0598cc6e36e84dc","/static/media/responsive_preview.87d9ad8b6a46ac24c69c.png":"b2ce79252d60066561c67460bca9aee2d183ae47a8fcb2576ea8f6715a9a8703","/static/media/twitchbot_header.073a54d82b7f6d21b5b1.png":"58b5a6b466ca3a404d782692b04dbc4179ed61bb944bd4fcf3ab6eb962314654","/static/media/twitchbot_header_mobile.0c31ed93da8262176f88.png":"0f4e78d5e91c6b4cfc25e3dce6749b70ce2d08f5caf5a2852f2eac22e1e90089","/static/media/twitchbot_header_wide_01.1ed58d0c489744b4c6d7.png":"0a38f27ebba8427f4b44c93d605348046df8d28c15dd65ff18664b745087ba02","/static/media/twitchbot_preview.0fbaf9807ee4a388684f.png":"3a461bea49d3f8c3257becdad8ad7646a265932a7d2c475d07a4c6110ecc9879","/static/media/twitter.7df99bf5a1458bd6b8d8e5ae05766b88.svg":"dd83aaf1a0b00d064815cbe18f978f92c98807ee2ee4a992ba1fa2af5ba2194a"}}
[debug] [2023-06-06T00:28:34.661Z] <<< [apiv2][status] POST https://firebasehosting.googleapis.com/v1beta1/projects/254997542932/sites/mcb-portfolio-ts-8df64/versions/7e9092c50711fb81:populateFiles 200
[debug] [2023-06-06T00:28:34.662Z] <<< [apiv2][body] POST https://firebasehosting.googleapis.com/v1beta1/projects/254997542932/sites/mcb-portfolio-ts-8df64/versions/7e9092c50711fb81:populateFiles {"uploadUrl":"https://upload-firebasehosting.googleapis.com/upload/sites/mcb-portfolio-ts-8df64/versions/7e9092c50711fb81/files"}
[debug] [2023-06-06T00:28:34.663Z] [hosting][populate queue][FINAL] {"max":507,"min":507,"avg":507,"active":0,"complete":1,"success":1,"errored":0,"retried":0,"total":1,"elapsed":507}
[debug] [2023-06-06T00:28:34.664Z] [hosting] uploads queued: 0
[debug] [2023-06-06T00:28:34.664Z] [hosting][upload queue][FINAL] {"max":0,"min":9999999999,"avg":0,"active":0,"complete":0,"success":0,"errored":0,"retried":0,"total":0,"elapsed":1686011314664}
[info] i  hosting: upload complete 
[info] +  hosting[mcb-portfolio-ts-8df64]: file upload complete 
[debug] [2023-06-06T00:28:34.665Z] [hosting] deploy completed after 535ms
[debug] [2023-06-06T00:28:34.667Z] [
  {
    "config": {
      "public": "build",
      "ignore": [
        "firebase.json",
        "**/.*",
        "**/node_modules/**"
      ],
      "site": "mcb-portfolio-ts-8df64"
    },
    "version": "projects/254997542932/sites/mcb-portfolio-ts-8df64/versions/7e9092c50711fb81"
  }
]
[info] i  hosting[mcb-portfolio-ts-8df64]: finalizing version... 
[debug] [2023-06-06T00:28:34.671Z] >>> [apiv2][query] PATCH https://firebasehosting.googleapis.com/v1beta1/projects/-/sites/mcb-portfolio-ts-8df64/versions/7e9092c50711fb81 updateMask=status%2Cconfig
[debug] [2023-06-06T00:28:34.672Z] >>> [apiv2][body] PATCH https://firebasehosting.googleapis.com/v1beta1/projects/-/sites/mcb-portfolio-ts-8df64/versions/7e9092c50711fb81 {"status":"FINALIZED","config":{}}
[debug] [2023-06-06T00:28:35.070Z] <<< [apiv2][status] PATCH https://firebasehosting.googleapis.com/v1beta1/projects/-/sites/mcb-portfolio-ts-8df64/versions/7e9092c50711fb81 200
[debug] [2023-06-06T00:28:35.070Z] <<< [apiv2][body] PATCH https://firebasehosting.googleapis.com/v1beta1/projects/-/sites/mcb-portfolio-ts-8df64/versions/7e9092c50711fb81 {"name":"projects/254997542932/sites/mcb-portfolio-ts-8df64/versions/7e9092c50711fb81","status":"FINALIZED","config":{},"labels":{"deployment-tool":"cli-firebase"},"createTime":"2023-06-06T00:28:33.635141Z","createUser":{"email":"marcusmcb@gmail.com"},"finalizeTime":"2023-06-06T00:28:34.791869Z","finalizeUser":{"email":"marcusmcb@gmail.com"}}
[debug] [2023-06-06T00:28:35.071Z] [hosting] finalized version for mcb-portfolio-ts-8df64:[object Object]
[info] +  hosting[mcb-portfolio-ts-8df64]: version finalized 
[info] i  hosting[mcb-portfolio-ts-8df64]: releasing new version... 
[debug] [2023-06-06T00:28:35.073Z] >>> [apiv2][query] POST https://firebasehosting.googleapis.com/v1beta1/projects/-/sites/mcb-portfolio-ts-8df64/channels/live/releases versionName=projects%2F254997542932%2Fsites%2Fmcb-portfolio-ts-8df64%2Fversions%2F7e9092c50711fb81
[debug] [2023-06-06T00:28:35.073Z] >>> [apiv2][body] POST https://firebasehosting.googleapis.com/v1beta1/projects/-/sites/mcb-portfolio-ts-8df64/channels/live/releases {}
[debug] [2023-06-06T00:28:35.527Z] <<< [apiv2][status] POST https://firebasehosting.googleapis.com/v1beta1/projects/-/sites/mcb-portfolio-ts-8df64/channels/live/releases 200
[debug] [2023-06-06T00:28:35.528Z] <<< [apiv2][body] POST https://firebasehosting.googleapis.com/v1beta1/projects/-/sites/mcb-portfolio-ts-8df64/channels/live/releases {"name":"projects/254997542932/sites/mcb-portfolio-ts-8df64/channels/live/releases/1686011314686000","version":{"name":"projects/254997542932/sites/mcb-portfolio-ts-8df64/versions/7e9092c50711fb81","status":"FINALIZED","config":{},"labels":{"deployment-tool":"cli-firebase"},"createTime":"2023-06-06T00:28:33.635141Z","createUser":{"email":"marcusmcb@gmail.com","imageUrl":"https://lh3.googleusercontent.com/a/AAcHTtcNkTMAGjq096-ewyzytqITBsZcctP4MVZ7egTwtg"},"finalizeTime":"2023-06-06T00:28:34.791869Z","finalizeUser":{"email":"marcusmcb@gmail.com","imageUrl":"https://lh3.googleusercontent.com/a/AAcHTtcNkTMAGjq096-ewyzytqITBsZcctP4MVZ7egTwtg"}},"type":"DEPLOY","releaseTime":"2023-06-06T00:28:34.686Z","releaseUser":{"email":"marcusmcb@gmail.com","imageUrl":"https://lh3.googleusercontent.com/a/AAcHTtcNkTMAGjq096-ewyzytqITBsZcctP4MVZ7egTwtg"}}
[debug] [2023-06-06T00:28:35.530Z] [hosting] release: {"name":"projects/254997542932/sites/mcb-portfolio-ts-8df64/channels/live/releases/1686011314686000","version":{"name":"projects/254997542932/sites/mcb-portfolio-ts-8df64/versions/7e9092c50711fb81","status":"FINALIZED","config":{},"labels":{"deployment-tool":"cli-firebase"},"createTime":"2023-06-06T00:28:33.635141Z","createUser":{"email":"marcusmcb@gmail.com","imageUrl":"https://lh3.googleusercontent.com/a/AAcHTtcNkTMAGjq096-ewyzytqITBsZcctP4MVZ7egTwtg"},"finalizeTime":"2023-06-06T00:28:34.791869Z","finalizeUser":{"email":"marcusmcb@gmail.com","imageUrl":"https://lh3.googleusercontent.com/a/AAcHTtcNkTMAGjq096-ewyzytqITBsZcctP4MVZ7egTwtg"}},"type":"DEPLOY","releaseTime":"2023-06-06T00:28:34.686Z","releaseUser":{"email":"marcusmcb@gmail.com","imageUrl":"https://lh3.googleusercontent.com/a/AAcHTtcNkTMAGjq096-ewyzytqITBsZcctP4MVZ7egTwtg"}}
[info] +  hosting[mcb-portfolio-ts-8df64]: release complete 
[info] 
[info] +  Deploy complete! 
[info] 
[info] Project Console: https://console.firebase.google.com/project/mcb-portfolio-ts-8df64/overview
[info] Hosting URL: https://mcb-portfolio-ts-8df64.web.app
